<?xml version="1.0" encoding="UTF-8"?>
<!-- Generated by org.testng.reporters.JUnitXMLReporter -->
<testsuite ignored="0" hostname="LAPTOP-DUA4GLVF" failures="1" tests="8" name="car loan" time="0.033" errors="0" timestamp="2022-02-11T20:17:39 IST">
  <testcase classname="TestNgPackage.TestNgClass3" name="MobileLoginCarLoanA" time="0.001"/>
  <testcase classname="TestNgPackage.TestNgClass3" name="MobileLoginCarLoanB" time="0.002"/>
  <testcase classname="TestNgPackage.TestNgClass3" name="MobileLoginCarLoanC" time="0.001"/>
  <testcase classname="TestNgPackage.TestNgClass3" name="WebLoginCarLoan" time="0.0">
    <failure type="org.testng.TestNGException" message="
Cannot inject @Test annotated Method [WebLoginCarLoan] with [class java.lang.String, class java.lang.String].
For more information on native dependency injection please refer to https://testng.org/doc/documentation-main.html#native-dependency-injection">
      <![CDATA[org.testng.TestNGException: 
Cannot inject @Test annotated Method [WebLoginCarLoan] with [class java.lang.String, class java.lang.String].
For more information on native dependency injection please refer to https://testng.org/doc/documentation-main.html#native-dependency-injection
at java.base/java.util.ArrayList.forEach(ArrayList.java:1511)
... Removed 26 stack frames]]>
    </failure>
  </testcase> <!-- WebLoginCarLoan -->
  <testcase classname="TestNgPackage.TestNgClass4" name="method1" time="0.001"/>
  <testcase classname="TestNgPackage.TestNgClass4" name="method2" time="0.002"/>
  <testcase classname="TestNgPackage.TestNgClass4" name="method3" time="0.001"/>
  <testcase classname="TestNgPackage.TestNgClass4" name="method4" time="0.002"/>
</testsuite> <!-- car loan -->
