<?xml version="1.0" encoding="UTF-8"?>
<!-- Generated by org.testng.reporters.JUnitXMLReporter -->
<testsuite ignored="1" hostname="LAPTOP-DUA4GLVF" failures="2" tests="8" name="home loan" time="0.102" errors="0" timestamp="2022-02-11T20:17:39 IST">
  <testcase classname="TestNgPackage.TestNgClass1" name="day1" time="0.008"/>
  <testcase classname="TestNgPackage.TestNgClass1" name="day2" time="0.002"/>
  <testcase classname="TestNgPackage.TestNgClass1" name="parameter" time="0.0">
    <failure type="org.testng.TestNGException" message="
Cannot inject @Test annotated Method [parameter] with [class java.lang.String].
For more information on native dependency injection please refer to https://testng.org/doc/documentation-main.html#native-dependency-injection">
      <![CDATA[org.testng.TestNGException: 
Cannot inject @Test annotated Method [parameter] with [class java.lang.String].
For more information on native dependency injection please refer to https://testng.org/doc/documentation-main.html#native-dependency-injection
at java.base/java.util.ArrayList.forEach(ArrayList.java:1511)
... Removed 26 stack frames]]>
    </failure>
  </testcase> <!-- parameter -->
  <testcase classname="TestNgPackage.TestNgClass2" name="day3" time="0.001"/>
  <testcase classname="TestNgPackage.TestNgClass2" name="day4" time="0.002"/>
  <testcase classname="TestNgPackage.TestNgClass5" name="CarLoan" time="0.002"/>
  <testcase classname="TestNgPackage.TestNgClass5" name="HomeLoan" time="0.0">
    <failure type="org.testng.TestNGException" message="
Cannot inject @Test annotated Method [HomeLoan] with [class java.lang.String, class java.lang.String].
For more information on native dependency injection please refer to https://testng.org/doc/documentation-main.html#native-dependency-injection">
      <![CDATA[org.testng.TestNGException: 
Cannot inject @Test annotated Method [HomeLoan] with [class java.lang.String, class java.lang.String].
For more information on native dependency injection please refer to https://testng.org/doc/documentation-main.html#native-dependency-injection
at java.base/java.util.ArrayList.forEach(ArrayList.java:1511)
... Removed 26 stack frames]]>
    </failure>
  </testcase> <!-- HomeLoan -->
  <testcase classname="TestNgPackage.TestNgClass5" name="TwoWheelerLoan" time="0.002">
    <skipped/>
  </testcase> <!-- TwoWheelerLoan -->
  <testcase classname="TestNgPackage.TestNgClass5" name="MobileLoan" time="0.0">
    <ignored/>
  </testcase> <!-- MobileLoan -->
</testsuite> <!-- home loan -->
