<?xml version="1.0" encoding="UTF-8"?>
<!-- Generated by org.testng.reporters.JUnitXMLReporter -->
<testsuite ignored="10" hostname="LAPTOP-DUA4GLVF" failures="0" tests="3" name="Regression" time="0.088" errors="0" timestamp="2021-11-27T01:08:34 IST">
  <testcase classname="TestNgPackage.TestNgClass1" name="day1" time="0.013"/>
  <testcase classname="TestNgPackage.TestNgClass2" name="day3" time="0.003"/>
  <testcase classname="TestNgPackage.TestNgClass4" name="method1" time="0.002"/>
  <testcase classname="TestNgPackage.TestNgClass1" name="day2" time="0.0">
    <ignored/>
  </testcase> <!-- day2 -->
  <testcase classname="TestNgPackage.TestNgClass3" name="LoginAPICarLoan" time="0.0">
    <ignored/>
  </testcase> <!-- LoginAPICarLoan -->
  <testcase classname="TestNgPackage.TestNgClass4" name="method2" time="0.0">
    <ignored/>
  </testcase> <!-- method2 -->
  <testcase classname="TestNgPackage.TestNgClass4" name="method4" time="0.0">
    <ignored/>
  </testcase> <!-- method4 -->
  <testcase classname="TestNgPackage.TestNgClass3" name="WebLoginCarLoan" time="0.0">
    <ignored/>
  </testcase> <!-- WebLoginCarLoan -->
  <testcase classname="TestNgPackage.TestNgClass3" name="MobileLoginCarLoan1" time="0.0">
    <ignored/>
  </testcase> <!-- MobileLoginCarLoan1 -->
  <testcase classname="TestNgPackage.TestNgClass3" name="MobileLoginCarLoan3" time="0.0">
    <ignored/>
  </testcase> <!-- MobileLoginCarLoan3 -->
  <testcase classname="TestNgPackage.TestNgClass4" name="method3" time="0.0">
    <ignored/>
  </testcase> <!-- method3 -->
  <testcase classname="TestNgPackage.TestNgClass2" name="day4" time="0.0">
    <ignored/>
  </testcase> <!-- day4 -->
  <testcase classname="TestNgPackage.TestNgClass3" name="MobileLoginCarLoan2" time="0.0">
    <ignored/>
  </testcase> <!-- MobileLoginCarLoan2 -->
</testsuite> <!-- Regression -->
