<?xml version="1.0" encoding="UTF-8"?>
<!-- Generated by org.testng.reporters.JUnitXMLReporter -->
<testsuite ignored="0" hostname="LAPTOP-DUA4GLVF" failures="0" tests="3" name="Test" time="0.074" errors="0" timestamp="2021-11-25T23:45:56 IST">
  <testcase classname="TestNgPackage.TestNgClass1" name="day1" time="0.014"/>
  <testcase classname="TestNgPackage.TestNgClass1" name="day2" time="0.001"/>
  <testcase classname="TestNgPackage.TestNgClass2" name="day1" time="0.001"/>
</testsuite> <!-- Test -->
